<?xml version="1.0" encoding="UTF-8"?>
<!-- Generated by org.testng.reporters.JUnitReportReporter -->
<testsuite hostname="DESKTOP-INIVNI7" failures="0" tests="2" name="mavenGroup.mavenSkeletonProject.secondMavenclassTest" time="0.007" errors="0" timestamp="2024-04-14T22:36:29 IST" skipped="0">
  <testcase classname="mavenGroup.mavenSkeletonProject.secondMavenclassTest" name="login" time="0.000"/>
  <testcase classname="mavenGroup.mavenSkeletonProject.secondMavenclassTest" name="closing" time="0.007"/>
</testsuite> <!-- mavenGroup.mavenSkeletonProject.secondMavenclassTest -->
